03-Jun-2024 11:51:33.930 정보 [main] org.apache.catalina.startup.VersionLoggerListener.log 서버 버전 이름:    Apache Tomcat/9.0.85
03-Jun-2024 11:51:33.934 정보 [main] org.apache.catalina.startup.VersionLoggerListener.log Server 빌드 시각:  Jan 5 2024 08:28:07 UTC
03-Jun-2024 11:51:33.934 정보 [main] org.apache.catalina.startup.VersionLoggerListener.log Server 버전 번호:  9.0.85.0
03-Jun-2024 11:51:33.934 정보 [main] org.apache.catalina.startup.VersionLoggerListener.log 운영체제 이름:     Windows 10
03-Jun-2024 11:51:33.934 정보 [main] org.apache.catalina.startup.VersionLoggerListener.log 운영체제 버전:     10.0
03-Jun-2024 11:51:33.934 정보 [main] org.apache.catalina.startup.VersionLoggerListener.log 아키텍처:          amd64
03-Jun-2024 11:51:33.934 정보 [main] org.apache.catalina.startup.VersionLoggerListener.log 자바 홈:           C:\dev_springboot\zulu17\zulu17
03-Jun-2024 11:51:33.934 정보 [main] org.apache.catalina.startup.VersionLoggerListener.log JVM 버전:          17.0.11+9-LTS
03-Jun-2024 11:51:33.934 정보 [main] org.apache.catalina.startup.VersionLoggerListener.log JVM 벤더:          Azul Systems, Inc.
03-Jun-2024 11:51:33.935 정보 [main] org.apache.catalina.startup.VersionLoggerListener.log CATALINA_BASE:     C:\dev_springboot_interrior\idesign\conf
03-Jun-2024 11:51:33.935 정보 [main] org.apache.catalina.startup.VersionLoggerListener.log CATALINA_HOME:     C:\dev\apache-tomcat-9.0.85-windows-x64\apache-tomcat-9.0.85
03-Jun-2024 11:51:33.943 정보 [main] org.apache.catalina.startup.VersionLoggerListener.log 명령 행 아규먼트:  --add-opens=java.base/java.lang=ALL-UNNAMED
03-Jun-2024 11:51:33.943 정보 [main] org.apache.catalina.startup.VersionLoggerListener.log 명령 행 아규먼트:  --add-opens=java.base/java.io=ALL-UNNAMED
03-Jun-2024 11:51:33.944 정보 [main] org.apache.catalina.startup.VersionLoggerListener.log 명령 행 아규먼트:  --add-opens=java.base/java.util=ALL-UNNAMED
03-Jun-2024 11:51:33.944 정보 [main] org.apache.catalina.startup.VersionLoggerListener.log 명령 행 아규먼트:  --add-opens=java.base/java.util.concurrent=ALL-UNNAMED
03-Jun-2024 11:51:33.944 정보 [main] org.apache.catalina.startup.VersionLoggerListener.log 명령 행 아규먼트:  --add-opens=java.rmi/sun.rmi.transport=ALL-UNNAMED
03-Jun-2024 11:51:33.944 정보 [main] org.apache.catalina.startup.VersionLoggerListener.log 명령 행 아규먼트:  -Dcatalina.home=C:\dev\apache-tomcat-9.0.85-windows-x64\apache-tomcat-9.0.85
03-Jun-2024 11:51:33.944 정보 [main] org.apache.catalina.startup.VersionLoggerListener.log 명령 행 아규먼트:  -Dcatalina.base=C:\dev_springboot_interrior\idesign\conf
03-Jun-2024 11:51:33.944 정보 [main] org.apache.catalina.startup.VersionLoggerListener.log 명령 행 아규먼트:  -Djava.io.tmpdir=C:\dev_springboot_interrior\idesign\conf\temp
03-Jun-2024 11:51:33.944 정보 [main] org.apache.catalina.startup.VersionLoggerListener.log 명령 행 아규먼트:  -Djava.util.logging.config.file=C:\dev_springboot_interrior\idesign\conf\conf\logging.properties
03-Jun-2024 11:51:33.944 정보 [main] org.apache.catalina.startup.VersionLoggerListener.log 명령 행 아규먼트:  -Djava.util.logging.manager=org.apache.juli.ClassLoaderLogManager
03-Jun-2024 11:51:33.945 정보 [main] org.apache.catalina.startup.VersionLoggerListener.log 명령 행 아규먼트:  -javaagent:C:\Program Files\JetBrains\IntelliJ IDEA Community Edition 2024.1\lib\idea_rt.jar=59117:C:\Program Files\JetBrains\IntelliJ IDEA Community Edition 2024.1\bin
03-Jun-2024 11:51:33.945 정보 [main] org.apache.catalina.startup.VersionLoggerListener.log 명령 행 아규먼트:  -Dfile.encoding=UTF-8
03-Jun-2024 11:51:33.949 정보 [main] org.apache.catalina.core.AprLifecycleListener.lifecycleEvent APR 버전 [1.7.4]을(를) 사용한, APR 기반 Apache Tomcat Native 라이브러리 [1.2.39]을(를) 로드했습니다.
03-Jun-2024 11:51:33.949 정보 [main] org.apache.catalina.core.AprLifecycleListener.lifecycleEvent APR 용량정보들: IPv6 [true], sendfile [true], accept filters [false], random [true], UDS [true].
03-Jun-2024 11:51:33.949 정보 [main] org.apache.catalina.core.AprLifecycleListener.lifecycleEvent APR/OpenSSL 설정: useAprConnector [false], useOpenSSL [true]
03-Jun-2024 11:51:33.957 정보 [main] org.apache.catalina.core.AprLifecycleListener.initializeSSL OpenSSL이 성공적으로 초기화되었습니다: [OpenSSL 3.0.11 19 Sep 2023]
03-Jun-2024 11:51:34.241 정보 [main] org.apache.coyote.AbstractProtocol.init 프로토콜 핸들러 ["http-nio-8080"]을(를) 초기화합니다.
03-Jun-2024 11:51:34.263 정보 [main] org.apache.catalina.startup.Catalina.load [618] 밀리초 내에 서버가 초기화되었습니다.
03-Jun-2024 11:51:34.313 정보 [main] org.apache.catalina.core.StandardService.startInternal 서비스 [Catalina]을(를) 시작합니다.
03-Jun-2024 11:51:34.313 정보 [main] org.apache.catalina.core.StandardEngine.startInternal 서버 엔진을 시작합니다: [Apache Tomcat/9.0.85]
03-Jun-2024 11:51:34.323 정보 [main] org.apache.catalina.startup.HostConfig.deployDescriptor 배치 descriptor [C:\dev_springboot_interrior\idesign\conf\conf\Catalina\localhost\ROOT.xml]을(를) 배치합니다.
03-Jun-2024 11:51:34.702 정보 [main] org.apache.catalina.startup.HostConfig.deployDescriptor 배치 descriptor [C:\dev_springboot_interrior\idesign\conf\conf\Catalina\localhost\ROOT.xml]의 배치가 [376] 밀리초 내에 완료되었습니다.
03-Jun-2024 11:51:34.705 정보 [main] org.apache.coyote.AbstractProtocol.start 프로토콜 핸들러 ["http-nio-8080"]을(를) 시작합니다.
03-Jun-2024 11:51:34.744 정보 [main] org.apache.catalina.startup.Catalina.start 서버가 [481] 밀리초 내에 시작되었습니다.
03-Jun-2024 11:52:25.382 정보 [Thread-1] org.apache.coyote.AbstractProtocol.pause 프로토콜 핸들러 ["http-nio-8080"]을(를) 일시 정지 중
03-Jun-2024 11:52:25.386 정보 [Thread-1] org.apache.catalina.core.StandardService.stopInternal 서비스 [Catalina]을(를) 중지시킵니다.
03-Jun-2024 11:52:25.394 정보 [Thread-1] org.apache.coyote.AbstractProtocol.stop 프로토콜 핸들러 ["http-nio-8080"]을(를) 중지시킵니다.
03-Jun-2024 11:52:25.398 정보 [Thread-1] org.apache.coyote.AbstractProtocol.destroy 프로토콜 핸들러 ["http-nio-8080"]을(를) 소멸시킵니다.
03-Jun-2024 11:53:22.363 정보 [main] org.apache.catalina.startup.VersionLoggerListener.log 서버 버전 이름:    Apache Tomcat/9.0.85
03-Jun-2024 11:53:22.367 정보 [main] org.apache.catalina.startup.VersionLoggerListener.log Server 빌드 시각:  Jan 5 2024 08:28:07 UTC
03-Jun-2024 11:53:22.367 정보 [main] org.apache.catalina.startup.VersionLoggerListener.log Server 버전 번호:  9.0.85.0
03-Jun-2024 11:53:22.367 정보 [main] org.apache.catalina.startup.VersionLoggerListener.log 운영체제 이름:     Windows 10
03-Jun-2024 11:53:22.367 정보 [main] org.apache.catalina.startup.VersionLoggerListener.log 운영체제 버전:     10.0
03-Jun-2024 11:53:22.367 정보 [main] org.apache.catalina.startup.VersionLoggerListener.log 아키텍처:          amd64
03-Jun-2024 11:53:22.367 정보 [main] org.apache.catalina.startup.VersionLoggerListener.log 자바 홈:           C:\dev_springboot\zulu17\zulu17
03-Jun-2024 11:53:22.367 정보 [main] org.apache.catalina.startup.VersionLoggerListener.log JVM 버전:          17.0.11+9-LTS
03-Jun-2024 11:53:22.368 정보 [main] org.apache.catalina.startup.VersionLoggerListener.log JVM 벤더:          Azul Systems, Inc.
03-Jun-2024 11:53:22.368 정보 [main] org.apache.catalina.startup.VersionLoggerListener.log CATALINA_BASE:     C:\dev_springboot_interrior\idesign\conf
03-Jun-2024 11:53:22.368 정보 [main] org.apache.catalina.startup.VersionLoggerListener.log CATALINA_HOME:     C:\dev\apache-tomcat-9.0.85-windows-x64\apache-tomcat-9.0.85
03-Jun-2024 11:53:22.376 정보 [main] org.apache.catalina.startup.VersionLoggerListener.log 명령 행 아규먼트:  --add-opens=java.base/java.lang=ALL-UNNAMED
03-Jun-2024 11:53:22.376 정보 [main] org.apache.catalina.startup.VersionLoggerListener.log 명령 행 아규먼트:  --add-opens=java.base/java.io=ALL-UNNAMED
03-Jun-2024 11:53:22.377 정보 [main] org.apache.catalina.startup.VersionLoggerListener.log 명령 행 아규먼트:  --add-opens=java.base/java.util=ALL-UNNAMED
03-Jun-2024 11:53:22.377 정보 [main] org.apache.catalina.startup.VersionLoggerListener.log 명령 행 아규먼트:  --add-opens=java.base/java.util.concurrent=ALL-UNNAMED
03-Jun-2024 11:53:22.377 정보 [main] org.apache.catalina.startup.VersionLoggerListener.log 명령 행 아규먼트:  --add-opens=java.rmi/sun.rmi.transport=ALL-UNNAMED
03-Jun-2024 11:53:22.377 정보 [main] org.apache.catalina.startup.VersionLoggerListener.log 명령 행 아규먼트:  -Dcatalina.home=C:\dev\apache-tomcat-9.0.85-windows-x64\apache-tomcat-9.0.85
03-Jun-2024 11:53:22.377 정보 [main] org.apache.catalina.startup.VersionLoggerListener.log 명령 행 아규먼트:  -Dcatalina.base=C:\dev_springboot_interrior\idesign\conf
03-Jun-2024 11:53:22.377 정보 [main] org.apache.catalina.startup.VersionLoggerListener.log 명령 행 아규먼트:  -Djava.io.tmpdir=C:\dev_springboot_interrior\idesign\conf\temp
03-Jun-2024 11:53:22.377 정보 [main] org.apache.catalina.startup.VersionLoggerListener.log 명령 행 아규먼트:  -Djava.util.logging.config.file=C:\dev_springboot_interrior\idesign\conf\conf\logging.properties
03-Jun-2024 11:53:22.377 정보 [main] org.apache.catalina.startup.VersionLoggerListener.log 명령 행 아규먼트:  -Djava.util.logging.manager=org.apache.juli.ClassLoaderLogManager
03-Jun-2024 11:53:22.378 정보 [main] org.apache.catalina.startup.VersionLoggerListener.log 명령 행 아규먼트:  -javaagent:C:\Program Files\JetBrains\IntelliJ IDEA Community Edition 2024.1\lib\idea_rt.jar=59132:C:\Program Files\JetBrains\IntelliJ IDEA Community Edition 2024.1\bin
03-Jun-2024 11:53:22.378 정보 [main] org.apache.catalina.startup.VersionLoggerListener.log 명령 행 아규먼트:  -Dfile.encoding=UTF-8
03-Jun-2024 11:53:22.382 정보 [main] org.apache.catalina.core.AprLifecycleListener.lifecycleEvent APR 버전 [1.7.4]을(를) 사용한, APR 기반 Apache Tomcat Native 라이브러리 [1.2.39]을(를) 로드했습니다.
03-Jun-2024 11:53:22.382 정보 [main] org.apache.catalina.core.AprLifecycleListener.lifecycleEvent APR 용량정보들: IPv6 [true], sendfile [true], accept filters [false], random [true], UDS [true].
03-Jun-2024 11:53:22.382 정보 [main] org.apache.catalina.core.AprLifecycleListener.lifecycleEvent APR/OpenSSL 설정: useAprConnector [false], useOpenSSL [true]
03-Jun-2024 11:53:22.390 정보 [main] org.apache.catalina.core.AprLifecycleListener.initializeSSL OpenSSL이 성공적으로 초기화되었습니다: [OpenSSL 3.0.11 19 Sep 2023]
03-Jun-2024 11:53:22.674 정보 [main] org.apache.coyote.AbstractProtocol.init 프로토콜 핸들러 ["http-nio-8080"]을(를) 초기화합니다.
03-Jun-2024 11:53:22.696 정보 [main] org.apache.catalina.startup.Catalina.load [546] 밀리초 내에 서버가 초기화되었습니다.
03-Jun-2024 11:53:22.743 정보 [main] org.apache.catalina.core.StandardService.startInternal 서비스 [Catalina]을(를) 시작합니다.
03-Jun-2024 11:53:22.743 정보 [main] org.apache.catalina.core.StandardEngine.startInternal 서버 엔진을 시작합니다: [Apache Tomcat/9.0.85]
03-Jun-2024 11:53:22.755 정보 [main] org.apache.catalina.startup.HostConfig.deployDescriptor 배치 descriptor [C:\dev_springboot_interrior\idesign\conf\conf\Catalina\localhost\ROOT.xml]을(를) 배치합니다.
03-Jun-2024 11:53:23.290 경고 [main] org.apache.tomcat.util.descriptor.web.WebXml.setVersion 알 수 없는 버전 문자열 [6.0]. 기본 버전이 사용될 것입니다.
03-Jun-2024 11:53:23.338 경고 [main] org.apache.tomcat.util.descriptor.web.WebXml.setVersion 알 수 없는 버전 문자열 [5.0]. 기본 버전이 사용될 것입니다.
03-Jun-2024 11:53:23.353 경고 [main] org.apache.tomcat.util.descriptor.web.WebXml.setVersion 알 수 없는 버전 문자열 [6.0]. 기본 버전이 사용될 것입니다.
03-Jun-2024 11:53:27.184 정보 [main] org.apache.jasper.servlet.TldScanner.scanJars 적어도 하나의 JAR가 TLD들을 찾기 위해 스캔되었으나 아무 것도 찾지 못했습니다. 스캔했으나 TLD가 없는 JAR들의 전체 목록을 보시려면, 로그 레벨을 디버그 레벨로 설정하십시오. 스캔 과정에서 불필요한 JAR들을 건너뛰면, 시스템 시작 시간과 JSP 컴파일 시간을 단축시킬 수 있습니다.
03-Jun-2024 11:53:27.248 정보 [main] org.apache.catalina.startup.HostConfig.deployDescriptor 배치 descriptor [C:\dev_springboot_interrior\idesign\conf\conf\Catalina\localhost\ROOT.xml]의 배치가 [4,493] 밀리초 내에 완료되었습니다.
03-Jun-2024 11:53:27.251 정보 [main] org.apache.coyote.AbstractProtocol.start 프로토콜 핸들러 ["http-nio-8080"]을(를) 시작합니다.
03-Jun-2024 11:53:27.278 정보 [main] org.apache.catalina.startup.Catalina.start 서버가 [4580] 밀리초 내에 시작되었습니다.
03-Jun-2024 11:53:36.781 정보 [Thread-1] org.apache.coyote.AbstractProtocol.pause 프로토콜 핸들러 ["http-nio-8080"]을(를) 일시 정지 중
03-Jun-2024 11:53:36.785 정보 [Thread-1] org.apache.catalina.core.StandardService.stopInternal 서비스 [Catalina]을(를) 중지시킵니다.
03-Jun-2024 11:53:36.795 정보 [Thread-1] org.apache.coyote.AbstractProtocol.stop 프로토콜 핸들러 ["http-nio-8080"]을(를) 중지시킵니다.
03-Jun-2024 11:53:36.798 정보 [Thread-1] org.apache.coyote.AbstractProtocol.destroy 프로토콜 핸들러 ["http-nio-8080"]을(를) 소멸시킵니다.
03-Jun-2024 11:55:36.161 정보 [main] org.apache.catalina.startup.VersionLoggerListener.log 서버 버전 이름:    Apache Tomcat/9.0.85
03-Jun-2024 11:55:36.167 정보 [main] org.apache.catalina.startup.VersionLoggerListener.log Server 빌드 시각:  Jan 5 2024 08:28:07 UTC
03-Jun-2024 11:55:36.167 정보 [main] org.apache.catalina.startup.VersionLoggerListener.log Server 버전 번호:  9.0.85.0
03-Jun-2024 11:55:36.167 정보 [main] org.apache.catalina.startup.VersionLoggerListener.log 운영체제 이름:     Windows 10
03-Jun-2024 11:55:36.167 정보 [main] org.apache.catalina.startup.VersionLoggerListener.log 운영체제 버전:     10.0
03-Jun-2024 11:55:36.167 정보 [main] org.apache.catalina.startup.VersionLoggerListener.log 아키텍처:          amd64
03-Jun-2024 11:55:36.168 정보 [main] org.apache.catalina.startup.VersionLoggerListener.log 자바 홈:           C:\dev_springboot\zulu17\zulu17
03-Jun-2024 11:55:36.168 정보 [main] org.apache.catalina.startup.VersionLoggerListener.log JVM 버전:          17.0.11+9-LTS
03-Jun-2024 11:55:36.168 정보 [main] org.apache.catalina.startup.VersionLoggerListener.log JVM 벤더:          Azul Systems, Inc.
03-Jun-2024 11:55:36.168 정보 [main] org.apache.catalina.startup.VersionLoggerListener.log CATALINA_BASE:     C:\dev_springboot_interrior\idesign\conf
03-Jun-2024 11:55:36.168 정보 [main] org.apache.catalina.startup.VersionLoggerListener.log CATALINA_HOME:     C:\dev\apache-tomcat-9.0.85-windows-x64\apache-tomcat-9.0.85
03-Jun-2024 11:55:36.179 정보 [main] org.apache.catalina.startup.VersionLoggerListener.log 명령 행 아규먼트:  --add-opens=java.base/java.lang=ALL-UNNAMED
03-Jun-2024 11:55:36.179 정보 [main] org.apache.catalina.startup.VersionLoggerListener.log 명령 행 아규먼트:  --add-opens=java.base/java.io=ALL-UNNAMED
03-Jun-2024 11:55:36.179 정보 [main] org.apache.catalina.startup.VersionLoggerListener.log 명령 행 아규먼트:  --add-opens=java.base/java.util=ALL-UNNAMED
03-Jun-2024 11:55:36.179 정보 [main] org.apache.catalina.startup.VersionLoggerListener.log 명령 행 아규먼트:  --add-opens=java.base/java.util.concurrent=ALL-UNNAMED
03-Jun-2024 11:55:36.180 정보 [main] org.apache.catalina.startup.VersionLoggerListener.log 명령 행 아규먼트:  --add-opens=java.rmi/sun.rmi.transport=ALL-UNNAMED
03-Jun-2024 11:55:36.180 정보 [main] org.apache.catalina.startup.VersionLoggerListener.log 명령 행 아규먼트:  -Dcatalina.home=C:\dev\apache-tomcat-9.0.85-windows-x64\apache-tomcat-9.0.85
03-Jun-2024 11:55:36.180 정보 [main] org.apache.catalina.startup.VersionLoggerListener.log 명령 행 아규먼트:  -Dcatalina.base=C:\dev_springboot_interrior\idesign\conf
03-Jun-2024 11:55:36.180 정보 [main] org.apache.catalina.startup.VersionLoggerListener.log 명령 행 아규먼트:  -Djava.io.tmpdir=C:\dev_springboot_interrior\idesign\conf\temp
03-Jun-2024 11:55:36.180 정보 [main] org.apache.catalina.startup.VersionLoggerListener.log 명령 행 아규먼트:  -Djava.util.logging.config.file=C:\dev_springboot_interrior\idesign\conf\conf\logging.properties
03-Jun-2024 11:55:36.180 정보 [main] org.apache.catalina.startup.VersionLoggerListener.log 명령 행 아규먼트:  -Djava.util.logging.manager=org.apache.juli.ClassLoaderLogManager
03-Jun-2024 11:55:36.180 정보 [main] org.apache.catalina.startup.VersionLoggerListener.log 명령 행 아규먼트:  -javaagent:C:\Program Files\JetBrains\IntelliJ IDEA Community Edition 2024.1\lib\idea_rt.jar=59160:C:\Program Files\JetBrains\IntelliJ IDEA Community Edition 2024.1\bin
03-Jun-2024 11:55:36.180 정보 [main] org.apache.catalina.startup.VersionLoggerListener.log 명령 행 아규먼트:  -Dfile.encoding=UTF-8
03-Jun-2024 11:55:36.185 정보 [main] org.apache.catalina.core.AprLifecycleListener.lifecycleEvent APR 버전 [1.7.4]을(를) 사용한, APR 기반 Apache Tomcat Native 라이브러리 [1.2.39]을(를) 로드했습니다.
03-Jun-2024 11:55:36.185 정보 [main] org.apache.catalina.core.AprLifecycleListener.lifecycleEvent APR 용량정보들: IPv6 [true], sendfile [true], accept filters [false], random [true], UDS [true].
03-Jun-2024 11:55:36.185 정보 [main] org.apache.catalina.core.AprLifecycleListener.lifecycleEvent APR/OpenSSL 설정: useAprConnector [false], useOpenSSL [true]
03-Jun-2024 11:55:36.192 정보 [main] org.apache.catalina.core.AprLifecycleListener.initializeSSL OpenSSL이 성공적으로 초기화되었습니다: [OpenSSL 3.0.11 19 Sep 2023]
03-Jun-2024 11:55:36.487 정보 [main] org.apache.coyote.AbstractProtocol.init 프로토콜 핸들러 ["http-nio-8080"]을(를) 초기화합니다.
03-Jun-2024 11:55:36.508 정보 [main] org.apache.catalina.startup.Catalina.load [737] 밀리초 내에 서버가 초기화되었습니다.
03-Jun-2024 11:55:36.550 정보 [main] org.apache.catalina.core.StandardService.startInternal 서비스 [Catalina]을(를) 시작합니다.
03-Jun-2024 11:55:36.550 정보 [main] org.apache.catalina.core.StandardEngine.startInternal 서버 엔진을 시작합니다: [Apache Tomcat/9.0.85]
03-Jun-2024 11:55:36.562 정보 [main] org.apache.catalina.startup.HostConfig.deployDescriptor 배치 descriptor [C:\dev_springboot_interrior\idesign\conf\conf\Catalina\localhost\ROOT.xml]을(를) 배치합니다.
03-Jun-2024 11:55:36.906 정보 [main] org.apache.catalina.startup.HostConfig.deployDescriptor 배치 descriptor [C:\dev_springboot_interrior\idesign\conf\conf\Catalina\localhost\ROOT.xml]의 배치가 [342] 밀리초 내에 완료되었습니다.
03-Jun-2024 11:55:36.909 정보 [main] org.apache.coyote.AbstractProtocol.start 프로토콜 핸들러 ["http-nio-8080"]을(를) 시작합니다.
03-Jun-2024 11:55:36.948 정보 [main] org.apache.catalina.startup.Catalina.start 서버가 [438] 밀리초 내에 시작되었습니다.
03-Jun-2024 12:01:29.334 정보 [Thread-1] org.apache.coyote.AbstractProtocol.pause 프로토콜 핸들러 ["http-nio-8080"]을(를) 일시 정지 중
03-Jun-2024 12:01:29.339 정보 [Thread-1] org.apache.catalina.core.StandardService.stopInternal 서비스 [Catalina]을(를) 중지시킵니다.
03-Jun-2024 12:01:29.347 정보 [Thread-1] org.apache.coyote.AbstractProtocol.stop 프로토콜 핸들러 ["http-nio-8080"]을(를) 중지시킵니다.
03-Jun-2024 12:01:29.351 정보 [Thread-1] org.apache.coyote.AbstractProtocol.destroy 프로토콜 핸들러 ["http-nio-8080"]을(를) 소멸시킵니다.
03-Jun-2024 12:01:42.172 정보 [main] org.apache.catalina.startup.VersionLoggerListener.log 서버 버전 이름:    Apache Tomcat/9.0.85
03-Jun-2024 12:01:42.176 정보 [main] org.apache.catalina.startup.VersionLoggerListener.log Server 빌드 시각:  Jan 5 2024 08:28:07 UTC
03-Jun-2024 12:01:42.177 정보 [main] org.apache.catalina.startup.VersionLoggerListener.log Server 버전 번호:  9.0.85.0
03-Jun-2024 12:01:42.177 정보 [main] org.apache.catalina.startup.VersionLoggerListener.log 운영체제 이름:     Windows 10
03-Jun-2024 12:01:42.177 정보 [main] org.apache.catalina.startup.VersionLoggerListener.log 운영체제 버전:     10.0
03-Jun-2024 12:01:42.177 정보 [main] org.apache.catalina.startup.VersionLoggerListener.log 아키텍처:          amd64
03-Jun-2024 12:01:42.177 정보 [main] org.apache.catalina.startup.VersionLoggerListener.log 자바 홈:           C:\dev_springboot\zulu17\zulu17
03-Jun-2024 12:01:42.177 정보 [main] org.apache.catalina.startup.VersionLoggerListener.log JVM 버전:          17.0.11+9-LTS
03-Jun-2024 12:01:42.178 정보 [main] org.apache.catalina.startup.VersionLoggerListener.log JVM 벤더:          Azul Systems, Inc.
03-Jun-2024 12:01:42.178 정보 [main] org.apache.catalina.startup.VersionLoggerListener.log CATALINA_BASE:     C:\dev_springboot_interrior\idesign\conf
03-Jun-2024 12:01:42.178 정보 [main] org.apache.catalina.startup.VersionLoggerListener.log CATALINA_HOME:     C:\dev\apache-tomcat-9.0.85-windows-x64\apache-tomcat-9.0.85
03-Jun-2024 12:01:42.189 정보 [main] org.apache.catalina.startup.VersionLoggerListener.log 명령 행 아규먼트:  --add-opens=java.base/java.lang=ALL-UNNAMED
03-Jun-2024 12:01:42.189 정보 [main] org.apache.catalina.startup.VersionLoggerListener.log 명령 행 아규먼트:  --add-opens=java.base/java.io=ALL-UNNAMED
03-Jun-2024 12:01:42.190 정보 [main] org.apache.catalina.startup.VersionLoggerListener.log 명령 행 아규먼트:  --add-opens=java.base/java.util=ALL-UNNAMED
03-Jun-2024 12:01:42.190 정보 [main] org.apache.catalina.startup.VersionLoggerListener.log 명령 행 아규먼트:  --add-opens=java.base/java.util.concurrent=ALL-UNNAMED
03-Jun-2024 12:01:42.190 정보 [main] org.apache.catalina.startup.VersionLoggerListener.log 명령 행 아규먼트:  --add-opens=java.rmi/sun.rmi.transport=ALL-UNNAMED
03-Jun-2024 12:01:42.190 정보 [main] org.apache.catalina.startup.VersionLoggerListener.log 명령 행 아규먼트:  -Dcatalina.home=C:\dev\apache-tomcat-9.0.85-windows-x64\apache-tomcat-9.0.85
03-Jun-2024 12:01:42.190 정보 [main] org.apache.catalina.startup.VersionLoggerListener.log 명령 행 아규먼트:  -Dcatalina.base=C:\dev_springboot_interrior\idesign\conf
03-Jun-2024 12:01:42.190 정보 [main] org.apache.catalina.startup.VersionLoggerListener.log 명령 행 아규먼트:  -Djava.io.tmpdir=C:\dev_springboot_interrior\idesign\conf\temp
03-Jun-2024 12:01:42.190 정보 [main] org.apache.catalina.startup.VersionLoggerListener.log 명령 행 아규먼트:  -Djava.util.logging.config.file=C:\dev_springboot_interrior\idesign\conf\conf\logging.properties
03-Jun-2024 12:01:42.190 정보 [main] org.apache.catalina.startup.VersionLoggerListener.log 명령 행 아규먼트:  -Djava.util.logging.manager=org.apache.juli.ClassLoaderLogManager
03-Jun-2024 12:01:42.191 정보 [main] org.apache.catalina.startup.VersionLoggerListener.log 명령 행 아규먼트:  -javaagent:C:\Program Files\JetBrains\IntelliJ IDEA Community Edition 2024.1\lib\idea_rt.jar=59230:C:\Program Files\JetBrains\IntelliJ IDEA Community Edition 2024.1\bin
03-Jun-2024 12:01:42.191 정보 [main] org.apache.catalina.startup.VersionLoggerListener.log 명령 행 아규먼트:  -Dfile.encoding=UTF-8
03-Jun-2024 12:01:42.195 정보 [main] org.apache.catalina.core.AprLifecycleListener.lifecycleEvent APR 버전 [1.7.4]을(를) 사용한, APR 기반 Apache Tomcat Native 라이브러리 [1.2.39]을(를) 로드했습니다.
03-Jun-2024 12:01:42.195 정보 [main] org.apache.catalina.core.AprLifecycleListener.lifecycleEvent APR 용량정보들: IPv6 [true], sendfile [true], accept filters [false], random [true], UDS [true].
03-Jun-2024 12:01:42.195 정보 [main] org.apache.catalina.core.AprLifecycleListener.lifecycleEvent APR/OpenSSL 설정: useAprConnector [false], useOpenSSL [true]
03-Jun-2024 12:01:42.205 정보 [main] org.apache.catalina.core.AprLifecycleListener.initializeSSL OpenSSL이 성공적으로 초기화되었습니다: [OpenSSL 3.0.11 19 Sep 2023]
03-Jun-2024 12:01:42.521 정보 [main] org.apache.coyote.AbstractProtocol.init 프로토콜 핸들러 ["http-nio-8080"]을(를) 초기화합니다.
03-Jun-2024 12:01:42.549 정보 [main] org.apache.catalina.startup.Catalina.load [596] 밀리초 내에 서버가 초기화되었습니다.
03-Jun-2024 12:01:42.601 정보 [main] org.apache.catalina.core.StandardService.startInternal 서비스 [Catalina]을(를) 시작합니다.
03-Jun-2024 12:01:42.601 정보 [main] org.apache.catalina.core.StandardEngine.startInternal 서버 엔진을 시작합니다: [Apache Tomcat/9.0.85]
03-Jun-2024 12:01:42.612 정보 [main] org.apache.catalina.startup.HostConfig.deployDescriptor 배치 descriptor [C:\dev_springboot_interrior\idesign\conf\conf\Catalina\localhost\inte.xml]을(를) 배치합니다.
03-Jun-2024 12:01:42.963 정보 [main] org.apache.catalina.startup.HostConfig.deployDescriptor 배치 descriptor [C:\dev_springboot_interrior\idesign\conf\conf\Catalina\localhost\inte.xml]의 배치가 [349] 밀리초 내에 완료되었습니다.
03-Jun-2024 12:01:42.967 정보 [main] org.apache.coyote.AbstractProtocol.start 프로토콜 핸들러 ["http-nio-8080"]을(를) 시작합니다.
03-Jun-2024 12:01:43.012 정보 [main] org.apache.catalina.startup.Catalina.start 서버가 [462] 밀리초 내에 시작되었습니다.
03-Jun-2024 12:01:52.163 정보 [Thread-1] org.apache.coyote.AbstractProtocol.pause 프로토콜 핸들러 ["http-nio-8080"]을(를) 일시 정지 중
03-Jun-2024 12:01:52.167 정보 [Thread-1] org.apache.catalina.core.StandardService.stopInternal 서비스 [Catalina]을(를) 중지시킵니다.
03-Jun-2024 12:01:52.177 정보 [Thread-1] org.apache.coyote.AbstractProtocol.stop 프로토콜 핸들러 ["http-nio-8080"]을(를) 중지시킵니다.
03-Jun-2024 12:01:52.180 정보 [Thread-1] org.apache.coyote.AbstractProtocol.destroy 프로토콜 핸들러 ["http-nio-8080"]을(를) 소멸시킵니다.
03-Jun-2024 12:35:42.972 정보 [main] org.apache.catalina.startup.VersionLoggerListener.log 서버 버전 이름:    Apache Tomcat/9.0.85
03-Jun-2024 12:35:42.976 정보 [main] org.apache.catalina.startup.VersionLoggerListener.log Server 빌드 시각:  Jan 5 2024 08:28:07 UTC
03-Jun-2024 12:35:42.976 정보 [main] org.apache.catalina.startup.VersionLoggerListener.log Server 버전 번호:  9.0.85.0
03-Jun-2024 12:35:42.977 정보 [main] org.apache.catalina.startup.VersionLoggerListener.log 운영체제 이름:     Windows 10
03-Jun-2024 12:35:42.977 정보 [main] org.apache.catalina.startup.VersionLoggerListener.log 운영체제 버전:     10.0
03-Jun-2024 12:35:42.977 정보 [main] org.apache.catalina.startup.VersionLoggerListener.log 아키텍처:          amd64
03-Jun-2024 12:35:42.977 정보 [main] org.apache.catalina.startup.VersionLoggerListener.log 자바 홈:           C:\dev_springboot\zulu17\zulu17
03-Jun-2024 12:35:42.977 정보 [main] org.apache.catalina.startup.VersionLoggerListener.log JVM 버전:          17.0.11+9-LTS
03-Jun-2024 12:35:42.977 정보 [main] org.apache.catalina.startup.VersionLoggerListener.log JVM 벤더:          Azul Systems, Inc.
03-Jun-2024 12:35:42.977 정보 [main] org.apache.catalina.startup.VersionLoggerListener.log CATALINA_BASE:     C:\dev_springboot_interrior\idesign\conf
03-Jun-2024 12:35:42.978 정보 [main] org.apache.catalina.startup.VersionLoggerListener.log CATALINA_HOME:     C:\dev\apache-tomcat-9.0.85-windows-x64\apache-tomcat-9.0.85
03-Jun-2024 12:35:42.987 정보 [main] org.apache.catalina.startup.VersionLoggerListener.log 명령 행 아규먼트:  --add-opens=java.base/java.lang=ALL-UNNAMED
03-Jun-2024 12:35:42.987 정보 [main] org.apache.catalina.startup.VersionLoggerListener.log 명령 행 아규먼트:  --add-opens=java.base/java.io=ALL-UNNAMED
03-Jun-2024 12:35:42.988 정보 [main] org.apache.catalina.startup.VersionLoggerListener.log 명령 행 아규먼트:  --add-opens=java.base/java.util=ALL-UNNAMED
03-Jun-2024 12:35:42.988 정보 [main] org.apache.catalina.startup.VersionLoggerListener.log 명령 행 아규먼트:  --add-opens=java.base/java.util.concurrent=ALL-UNNAMED
03-Jun-2024 12:35:42.988 정보 [main] org.apache.catalina.startup.VersionLoggerListener.log 명령 행 아규먼트:  --add-opens=java.rmi/sun.rmi.transport=ALL-UNNAMED
03-Jun-2024 12:35:42.988 정보 [main] org.apache.catalina.startup.VersionLoggerListener.log 명령 행 아규먼트:  -Dcatalina.home=C:\dev\apache-tomcat-9.0.85-windows-x64\apache-tomcat-9.0.85
03-Jun-2024 12:35:42.988 정보 [main] org.apache.catalina.startup.VersionLoggerListener.log 명령 행 아규먼트:  -Dcatalina.base=C:\dev_springboot_interrior\idesign\conf
03-Jun-2024 12:35:42.988 정보 [main] org.apache.catalina.startup.VersionLoggerListener.log 명령 행 아규먼트:  -Djava.io.tmpdir=C:\dev_springboot_interrior\idesign\conf\temp
03-Jun-2024 12:35:42.988 정보 [main] org.apache.catalina.startup.VersionLoggerListener.log 명령 행 아규먼트:  -Djava.util.logging.config.file=C:\dev_springboot_interrior\idesign\conf\conf\logging.properties
03-Jun-2024 12:35:42.988 정보 [main] org.apache.catalina.startup.VersionLoggerListener.log 명령 행 아규먼트:  -Djava.util.logging.manager=org.apache.juli.ClassLoaderLogManager
03-Jun-2024 12:35:42.989 정보 [main] org.apache.catalina.startup.VersionLoggerListener.log 명령 행 아규먼트:  -javaagent:C:\Program Files\JetBrains\IntelliJ IDEA Community Edition 2024.1\lib\idea_rt.jar=59517:C:\Program Files\JetBrains\IntelliJ IDEA Community Edition 2024.1\bin
03-Jun-2024 12:35:42.989 정보 [main] org.apache.catalina.startup.VersionLoggerListener.log 명령 행 아규먼트:  -Dfile.encoding=UTF-8
03-Jun-2024 12:35:42.993 정보 [main] org.apache.catalina.core.AprLifecycleListener.lifecycleEvent APR 버전 [1.7.4]을(를) 사용한, APR 기반 Apache Tomcat Native 라이브러리 [1.2.39]을(를) 로드했습니다.
03-Jun-2024 12:35:42.993 정보 [main] org.apache.catalina.core.AprLifecycleListener.lifecycleEvent APR 용량정보들: IPv6 [true], sendfile [true], accept filters [false], random [true], UDS [true].
03-Jun-2024 12:35:42.993 정보 [main] org.apache.catalina.core.AprLifecycleListener.lifecycleEvent APR/OpenSSL 설정: useAprConnector [false], useOpenSSL [true]
03-Jun-2024 12:35:43.002 정보 [main] org.apache.catalina.core.AprLifecycleListener.initializeSSL OpenSSL이 성공적으로 초기화되었습니다: [OpenSSL 3.0.11 19 Sep 2023]
03-Jun-2024 12:35:43.285 정보 [main] org.apache.coyote.AbstractProtocol.init 프로토콜 핸들러 ["http-nio-8080"]을(를) 초기화합니다.
03-Jun-2024 12:35:43.310 정보 [main] org.apache.catalina.startup.Catalina.load [553] 밀리초 내에 서버가 초기화되었습니다.
03-Jun-2024 12:35:43.358 정보 [main] org.apache.catalina.core.StandardService.startInternal 서비스 [Catalina]을(를) 시작합니다.
03-Jun-2024 12:35:43.358 정보 [main] org.apache.catalina.core.StandardEngine.startInternal 서버 엔진을 시작합니다: [Apache Tomcat/9.0.85]
03-Jun-2024 12:35:43.369 정보 [main] org.apache.catalina.startup.HostConfig.deployDescriptor 배치 descriptor [C:\dev_springboot_interrior\idesign\conf\conf\Catalina\localhost\ROOT.xml]을(를) 배치합니다.
03-Jun-2024 12:35:43.763 정보 [main] org.apache.catalina.startup.HostConfig.deployDescriptor 배치 descriptor [C:\dev_springboot_interrior\idesign\conf\conf\Catalina\localhost\ROOT.xml]의 배치가 [393] 밀리초 내에 완료되었습니다.
03-Jun-2024 12:35:43.766 정보 [main] org.apache.coyote.AbstractProtocol.start 프로토콜 핸들러 ["http-nio-8080"]을(를) 시작합니다.
03-Jun-2024 12:35:43.811 정보 [main] org.apache.catalina.startup.Catalina.start 서버가 [500] 밀리초 내에 시작되었습니다.
03-Jun-2024 12:40:07.765 정보 [Thread-1] org.apache.coyote.AbstractProtocol.pause 프로토콜 핸들러 ["http-nio-8080"]을(를) 일시 정지 중
03-Jun-2024 12:40:07.770 정보 [Thread-1] org.apache.catalina.core.StandardService.stopInternal 서비스 [Catalina]을(를) 중지시킵니다.
03-Jun-2024 12:40:07.778 정보 [Thread-1] org.apache.coyote.AbstractProtocol.stop 프로토콜 핸들러 ["http-nio-8080"]을(를) 중지시킵니다.
03-Jun-2024 12:40:07.784 정보 [Thread-1] org.apache.coyote.AbstractProtocol.destroy 프로토콜 핸들러 ["http-nio-8080"]을(를) 소멸시킵니다.
