2025-05-02 23:56:24.725 [main] DEBUG org.hibernate.SQL - 
    alter table if exists data 
       add column id bigint not null auto_increment
2025-05-02 23:56:24.743 [main] DEBUG org.hibernate.SQL - 
    alter table if exists point 
       modify column oid bigint not null
2025-05-02 23:56:24.771 [main] DEBUG org.hibernate.SQL - 
    alter table if exists child_relationship 
       add constraint FKajww51h8tam715wl9te627rie 
       foreign key (child_id) 
       references data (id)
2025-05-02 23:56:24.800 [main] DEBUG org.hibernate.SQL - 
    alter table if exists child_relationship 
       add constraint FKe9fammyk9ruy3hluyfy2kie0v 
       foreign key (parent_id) 
       references data (id)
2025-05-02 23:56:24.829 [main] DEBUG org.hibernate.SQL - 
    alter table if exists data_entity_children 
       add constraint FK7ei631u6xtbb6ywrj13sl8qov 
       foreign key (data_entity_id) 
       references data (id)
2025-05-02 23:56:50.323 [http-nio-8080-exec-8] DEBUG org.hibernate.SQL - 
    select
        ue1_0.u_no,
        ue1_0.u_birth,
        ue1_0.u_deactivated,
        ue1_0.u_id,
        ue1_0.u_mail,
        ue1_0.u_name,
        ue1_0.u_profile,
        ue1_0.u_pw,
        ue1_0.u_register,
        ue1_0.u_tel 
    from
        user ue1_0 
    where
        ue1_0.u_id=?
2025-05-02 23:57:04.812 [http-nio-8080-exec-9] DEBUG org.hibernate.SQL - 
    select
        re1_0.r_no,
        re1_0.r_category,
        re1_0.r_content,
        re1_0.r_mainphoto,
        re1_0.r_star_rating,
        re1_0.r_title,
        re1_0.r_views,
        re1_0.r_written_time,
        re1_0.u_id 
    from
        review re1_0 
    limit
        ?, ?
2025-05-02 23:57:04.821 [http-nio-8080-exec-9] DEBUG org.hibernate.SQL - 
    select
        ue1_0.u_no,
        ue1_0.u_birth,
        ue1_0.u_deactivated,
        ue1_0.u_id,
        ue1_0.u_mail,
        ue1_0.u_name,
        ue1_0.u_profile,
        ue1_0.u_pw,
        ue1_0.u_register,
        ue1_0.u_tel 
    from
        user ue1_0 
    where
        ue1_0.u_id=?
2025-05-02 23:57:04.823 [http-nio-8080-exec-9] DEBUG org.hibernate.SQL - 
    select
        ue1_0.u_no,
        ue1_0.u_birth,
        ue1_0.u_deactivated,
        ue1_0.u_id,
        ue1_0.u_mail,
        ue1_0.u_name,
        ue1_0.u_profile,
        ue1_0.u_pw,
        ue1_0.u_register,
        ue1_0.u_tel 
    from
        user ue1_0 
    where
        ue1_0.u_id=?
2025-05-02 23:57:04.829 [http-nio-8080-exec-9] DEBUG org.hibernate.SQL - 
    select
        rpe1_0.rp_no,
        rpe1_0.rp_photo,
        rpe1_0.r_no 
    from
        review_photo rpe1_0 
    left join
        review r1_0 
            on r1_0.r_no=rpe1_0.r_no 
    where
        r1_0.r_no=?
2025-05-02 23:57:04.836 [http-nio-8080-exec-9] DEBUG org.hibernate.SQL - 
    select
        rpe1_0.rp_no,
        rpe1_0.rp_photo,
        rpe1_0.r_no 
    from
        review_photo rpe1_0 
    left join
        review r1_0 
            on r1_0.r_no=rpe1_0.r_no 
    where
        r1_0.r_no=?
2025-05-02 23:57:04.837 [http-nio-8080-exec-9] DEBUG org.hibernate.SQL - 
    select
        rpe1_0.rp_no,
        rpe1_0.rp_photo,
        rpe1_0.r_no 
    from
        review_photo rpe1_0 
    left join
        review r1_0 
            on r1_0.r_no=rpe1_0.r_no 
    where
        r1_0.r_no=?
2025-05-02 23:57:30.635 [http-nio-8080-exec-5] DEBUG org.hibernate.SQL - 
    select
        ue1_0.u_no,
        ue1_0.u_birth,
        ue1_0.u_deactivated,
        ue1_0.u_id,
        ue1_0.u_mail,
        ue1_0.u_name,
        ue1_0.u_profile,
        ue1_0.u_pw,
        ue1_0.u_register,
        ue1_0.u_tel 
    from
        user ue1_0 
    where
        ue1_0.u_id=?
2025-05-02 23:57:30.651 [http-nio-8080-exec-5] DEBUG org.hibernate.SQL - 
    insert 
    into
        review
        (r_category, r_content, r_mainphoto, r_star_rating, r_title, r_views, r_written_time, u_id) 
    values
        (?, ?, ?, ?, ?, ?, ?, ?)
2025-05-02 23:57:30.659 [http-nio-8080-exec-5] DEBUG org.hibernate.SQL - 
    insert 
    into
        review_photo
        (rp_photo, r_no) 
    values
        (?, ?)
2025-05-02 23:57:30.660 [http-nio-8080-exec-5] DEBUG org.hibernate.SQL - 
    insert 
    into
        review_photo
        (rp_photo, r_no) 
    values
        (?, ?)
2025-05-02 23:57:30.679 [http-nio-8080-exec-8] DEBUG org.hibernate.SQL - 
    select
        re1_0.r_no,
        re1_0.r_category,
        re1_0.r_content,
        re1_0.r_mainphoto,
        re1_0.r_star_rating,
        re1_0.r_title,
        re1_0.r_views,
        re1_0.r_written_time,
        re1_0.u_id 
    from
        review re1_0 
    limit
        ?, ?
2025-05-02 23:57:30.680 [http-nio-8080-exec-8] DEBUG org.hibernate.SQL - 
    select
        ue1_0.u_no,
        ue1_0.u_birth,
        ue1_0.u_deactivated,
        ue1_0.u_id,
        ue1_0.u_mail,
        ue1_0.u_name,
        ue1_0.u_profile,
        ue1_0.u_pw,
        ue1_0.u_register,
        ue1_0.u_tel 
    from
        user ue1_0 
    where
        ue1_0.u_id=?
2025-05-02 23:57:30.680 [http-nio-8080-exec-8] DEBUG org.hibernate.SQL - 
    select
        ue1_0.u_no,
        ue1_0.u_birth,
        ue1_0.u_deactivated,
        ue1_0.u_id,
        ue1_0.u_mail,
        ue1_0.u_name,
        ue1_0.u_profile,
        ue1_0.u_pw,
        ue1_0.u_register,
        ue1_0.u_tel 
    from
        user ue1_0 
    where
        ue1_0.u_id=?
2025-05-02 23:57:30.682 [http-nio-8080-exec-8] DEBUG org.hibernate.SQL - 
    select
        rpe1_0.rp_no,
        rpe1_0.rp_photo,
        rpe1_0.r_no 
    from
        review_photo rpe1_0 
    left join
        review r1_0 
            on r1_0.r_no=rpe1_0.r_no 
    where
        r1_0.r_no=?
2025-05-02 23:57:30.683 [http-nio-8080-exec-8] DEBUG org.hibernate.SQL - 
    select
        rpe1_0.rp_no,
        rpe1_0.rp_photo,
        rpe1_0.r_no 
    from
        review_photo rpe1_0 
    left join
        review r1_0 
            on r1_0.r_no=rpe1_0.r_no 
    where
        r1_0.r_no=?
2025-05-02 23:57:30.684 [http-nio-8080-exec-8] DEBUG org.hibernate.SQL - 
    select
        rpe1_0.rp_no,
        rpe1_0.rp_photo,
        rpe1_0.r_no 
    from
        review_photo rpe1_0 
    left join
        review r1_0 
            on r1_0.r_no=rpe1_0.r_no 
    where
        r1_0.r_no=?
2025-05-02 23:57:30.686 [http-nio-8080-exec-8] DEBUG org.hibernate.SQL - 
    select
        rpe1_0.rp_no,
        rpe1_0.rp_photo,
        rpe1_0.r_no 
    from
        review_photo rpe1_0 
    left join
        review r1_0 
            on r1_0.r_no=rpe1_0.r_no 
    where
        r1_0.r_no=?
